[*] Engine active.
[*] Processing: /data/openclaw/workspace/profile_staging/chunk_top_level.txt_07d34f827d6bed58132bcef5435e1587.txt
[-] No traits found
[OK] chunk_top_level.txt_07d34f827d6bed58132bcef5435e1587.txt
[*] Processing: /data/openclaw/workspace/profile_staging/chunk_version.py_6fdd76f24084b55f8c4b5fca96dfe708.txt
[-] No traits found
[OK] chunk_version.py_6fdd76f24084b55f8c4b5fca96dfe708.txt
[*] Processing: /data/openclaw/workspace/profile_staging/chunk___init__.py_6ddb1d56facfd8d3a89266d0eeaaf3cc.txt
[-] No traits found
[OK] chunk___init__.py_6ddb1d56facfd8d3a89266d0eeaaf3cc.txt
[*] Processing: /data/openclaw/workspace/profile_staging/chunk__layouts.py_3778c8e432e6ff87e73c125485b49925.txt
[-] No traits found
[OK] chunk__layouts.py_3778c8e432e6ff87e73c125485b49925.txt
[*] Processing: /data/openclaw/workspace/profile_staging/chunk_socks.py_f566bf44c56abb04964733387fe71a4e.txt
[-] No traits found
[OK] chunk_socks.py_f566bf44c56abb04964733387fe71a4e.txt
[*] Processing: /data/openclaw/workspace/profile_staging/chunk_version.py_392c5e99515e031be6467c1d07b29606.txt
[-] No traits found
[OK] chunk_version.py_392c5e99515e031be6467c1d07b29606.txt
[*] Processing: /data/openclaw/workspace/profile_staging/chunk_README.md_9a58f46572776d8270edd7ed9b991856.txt
[-] No traits found
[OK] chunk_README.md_9a58f46572776d8270edd7ed9b991856.txt
[*] Processing: /data/openclaw/workspace/profile_staging/chunk_entry_points.txt_979d962340a0eb0c364cf4e6999f361c.txt
[-] No traits found
[OK] chunk_entry_points.txt_979d962340a0eb0c364cf4e6999f361c.txt
[*] Processing: /data/openclaw/workspace/profile_staging/chunk_client.py_2eb965c9ab697b1d9920e57cfe574549.txt
[-] No traits found
[OK] chunk_client.py_2eb965c9ab697b1d9920e57cfe574549.txt
[*] Processing: /data/openclaw/workspace/profile_staging/chunk___main__.py_181ac9de207551b2d2fe58362d0bb511.txt
[-] No traits found
[OK] chunk___main__.py_181ac9de207551b2d2fe58362d0bb511.txt
[*] Processing: /data/openclaw/workspace/profile_staging/chunk___main__.py_c19fdf383c554215805a2a4401bc99bc.txt
[-] No traits found
[OK] chunk___main__.py_c19fdf383c554215805a2a4401bc99bc.txt
[*] Processing: /data/openclaw/workspace/profile_staging/chunk_legacy.py_290324cb378960b6287d8b00364eb40e.txt
[-] No traits found
[OK] chunk_legacy.py_290324cb378960b6287d8b00364eb40e.txt
[*] Processing: /data/openclaw/workspace/profile_staging/chunk_md.py_9fc2fca3012b178ab4e69433085a50c2.txt
[-] No traits found
[OK] chunk_md.py_9fc2fca3012b178ab4e69433085a50c2.txt
[*] Processing: /data/openclaw/workspace/profile_staging/chunk_cd.py_7e4ef8529b899b61cc9d2bb3d16790d8.txt
[-] No traits found
[OK] chunk_cd.py_7e4ef8529b899b61cc9d2bb3d16790d8.txt
[*] Processing: /data/openclaw/workspace/profile_staging/chunk_connection.py_b12f585117c8d15062b6fc30723683fb.txt
[-] No traits found
[OK] chunk_connection.py_b12f585117c8d15062b6fc30723683fb.txt
[*] Processing: /data/openclaw/workspace/profile_staging/chunk__collections.py_143c93c8c91b3ec49ea85e83d7cbd248.txt
[-] No traits found
[OK] chunk__collections.py_143c93c8c91b3ec49ea85e83d7cbd248.txt
[*] Processing: /data/openclaw/workspace/profile_staging/chunk___init__.py_aded1bb844f8987d936f88a5f3a6e159.txt
[-] No traits found
[OK] chunk___init__.py_aded1bb844f8987d936f88a5f3a6e159.txt
[*] Processing: /data/openclaw/workspace/profile_staging/chunk_fetch.py_bf5d34e7ed22f008519d2fddf0b29818.txt
[-] No traits found
[OK] chunk_fetch.py_bf5d34e7ed22f008519d2fddf0b29818.txt
[*] Processing: /data/openclaw/workspace/profile_staging/chunk___init__.py_a78e2ec96d677f310c4a8c199b666c37.txt
[OK] chunk___init__.py_a78e2ec96d677f310c4a8c199b666c37.txt
[*] Processing: /data/openclaw/workspace/profile_staging/chunk_tenum.py_5edf51c9217e8ead249cb62be98dea85.txt
[-] No traits found
[OK] chunk_tenum.py_5edf51c9217e8ead249cb62be98dea85.txt
[*] Processing: /data/openclaw/workspace/profile_staging/chunk___init__.py_3ac8356ce93f12cfd5f233114de70f78.txt
[-] No traits found
[OK] chunk___init__.py_3ac8356ce93f12cfd5f233114de70f78.txt
[*] Processing: /data/openclaw/workspace/profile_staging/chunk_constants.py_6d9d852ff72f7707e46ad47334c60a88.txt
[-] No traits found
[OK] chunk_constants.py_6d9d852ff72f7707e46ad47334c60a88.txt
[*] Processing: /data/openclaw/workspace/profile_staging/chunk_test_anchorpy.py_68c0129227506cf967a42c221a8bd03a.txt
[-] No traits found
[OK] chunk_test_anchorpy.py_68c0129227506cf967a42c221a8bd03a.txt
[*] Processing: /data/openclaw/workspace/profile_staging/chunk___init__.py_be0076f8e21b321a8f63ee3567ba99a4.txt
[-] No traits found
[OK] chunk___init__.py_be0076f8e21b321a8f63ee3567ba99a4.txt
[*] Processing: /data/openclaw/workspace/profile_staging/chunk_README.md_990778baca4ebc7079c7323d726f1040.txt
[-] No traits found
[OK] chunk_README.md_990778baca4ebc7079c7323d726f1040.txt
[*] Processing: /data/openclaw/workspace/profile_staging/chunk_instructions.py_d14e009a2e32681fb4a211edad2747bc.txt
[-] No traits found
[OK] chunk_instructions.py_d14e009a2e32681fb4a211edad2747bc.txt
[*] Processing: /data/openclaw/workspace/profile_staging/chunk_top_level.txt_d445bc88bcfa2331c5668716abcec082.txt
[-] No traits found
[OK] chunk_top_level.txt_d445bc88bcfa2331c5668716abcec082.txt
[*] Processing: /data/openclaw/workspace/profile_staging/chunk_main.py_2b3ed5dd362e15cf1bd2015a1dd2672e.txt
[-] No traits found
[OK] chunk_main.py_2b3ed5dd362e15cf1bd2015a1dd2672e.txt
[*] Processing: /data/openclaw/workspace/profile_staging/chunk_dataclass_struct.py_44f69558c7076b8d63fde25e6abd96b4.txt
[-] No traits found
[OK] chunk_dataclass_struct.py_44f69558c7076b8d63fde25e6abd96b4.txt
[*] Processing: /data/openclaw/workspace/profile_staging/chunk_async_client.py_2b79995aad87a8611a9976ba5a15b829.txt
[-] No traits found
[OK] chunk_async_client.py_2b79995aad87a8611a9976ba5a15b829.txt
[*] Processing: /data/openclaw/workspace/profile_staging/chunk_constant.py_bc8a0d8f8360f67779549a88aefa2690.txt
[-] No traits found
[OK] chunk_constant.py_bc8a0d8f8360f67779549a88aefa2690.txt
[*] Processing: /data/openclaw/workspace/profile_staging/chunk_utils.py_cc1046f1f27c6fa933b998230c0a5ccb.txt
[-] No traits found
[OK] chunk_utils.py_cc1046f1f27c6fa933b998230c0a5ccb.txt
[*] Processing: /data/openclaw/workspace/profile_staging/chunk_probe.py_cef3f598d7f7060b8518e3e503cf7683.txt
[-] No traits found
[OK] chunk_probe.py_cef3f598d7f7060b8518e3e503cf7683.txt
[*] Processing: /data/openclaw/workspace/profile_staging/chunk_api.py_ffbc4d2d5ffe8f683f4ba68e69853bb0.txt
[-] No traits found
[OK] chunk_api.py_ffbc4d2d5ffe8f683f4ba68e69853bb0.txt
[*] Processing: /data/openclaw/workspace/profile_staging/chunk_instructions.py_ab3aaa644b278fc0123395fb1ec3ab6a.txt
[-] No traits found
[OK] chunk_instructions.py_ab3aaa644b278fc0123395fb1ec3ab6a.txt
